[ Info: MPI has not been initialized, so we are calling MPI.Init().
[ Info: MPI has not been initialized, so we are calling MPI.Init().
[ Info: MPI has not been initialized, so we are calling MPI.Init().
[ Info: MPI has not been initialized, so we are calling MPI.Init().
grid = 256×768×512 RectilinearGrid{Float64, Oceananigans.Grids.FullyConnected, Periodic, Periodic} on Distributed{GPU{CUDA.CUDAKernels.CUDABackend}} with 3×3×3 halo
├── FullyConnected x ∈ [75.3982, 100.531) regularly spaced with Δx=0.0981748
├── Periodic y ∈ [2.49908e-17, 75.3982)   regularly spaced with Δy=0.0981748
└── Periodic z ∈ [-3.86538e-18, 50.2655)  regularly spaced with Δz=0.0981748
grid = 256×768×512 RectilinearGrid{Float64, Oceananigans.Grids.FullyConnected, Periodic, Periodic} on Distributed{GPU{CUDA.CUDAKernels.CUDABackend}} with 3×3×3 halo
├── FullyConnected x ∈ [25.1327, 50.2655) regularly spaced with Δx=0.0981748
├── Periodic y ∈ [2.49908e-17, 75.3982)   regularly spaced with Δy=0.0981748
└── Periodic z ∈ [-3.86538e-18, 50.2655)  regularly spaced with Δz=0.0981748
grid = 256×768×512 RectilinearGrid{Float64, Oceananigans.Grids.FullyConnected, Periodic, Periodic} on Distributed{GPU{CUDA.CUDAKernels.CUDABackend}} with 3×3×3 halo
├── FullyConnected x ∈ [-7.65671e-18, 25.1327) regularly spaced with Δx=0.0981748
├── Periodic y ∈ [2.49908e-17, 75.3982)        regularly spaced with Δy=0.0981748
└── Periodic z ∈ [-3.86538e-18, 50.2655)       regularly spaced with Δz=0.0981748
grid = 256×768×512 RectilinearGrid{Float64, Oceananigans.Grids.FullyConnected, Periodic, Periodic} on Distributed{GPU{CUDA.CUDAKernels.CUDABackend}} with 3×3×3 halo
├── FullyConnected x ∈ [50.2655, 75.3982) regularly spaced with Δx=0.0981748
├── Periodic y ∈ [2.49908e-17, 75.3982)   regularly spaced with Δy=0.0981748
└── Periodic z ∈ [-3.86538e-18, 50.2655)  regularly spaced with Δz=0.0981748
--------------------------------------------------------------------------
The call to cuMemHostRegister(0x14e863e00008, 134217728, 0) failed.
  Host:  aerosmith
  cuMemHostRegister return value:  1
  Registration cache:  smcuda
--------------------------------------------------------------------------
[aerosmith.hpc.oregonstate.edu:1721097] 3 more processes have sent help message help-mpi-common-cuda.txt / cuMemHostRegister during init failed
[aerosmith.hpc.oregonstate.edu:1721097] Set MCA parameter "orte_base_help_aggregate" to 0 to see all help / error messages
--------------------------------------------------------------------------
The call to cuIpcGetMemHandle failed. This means the GPU RDMA protocol
cannot be used.
  cuIpcGetMemHandle return value:   1
  address: 0x68678e000
Check the cuda.h file for what the return value means. Perhaps a reboot
of the node will clear the problem.
--------------------------------------------------------------------------
[aerosmith.hpc.oregonstate.edu:1721097] 83 more processes have sent help message help-mpi-common-cuda.txt / cuIpcGetMemHandle failed
[aerosmith.hpc.oregonstate.edu:1721097] 44 more processes have sent help message help-mpi-common-cuda.txt / cuIpcGetMemHandle failed
[ Info: Initializing simulation...
[ Info: Initializing simulation...
[ Info: Initializing simulation...
[ Info: Initializing simulation...
[aerosmith.hpc.oregonstate.edu:1721097] 24 more processes have sent help message help-mpi-common-cuda.txt / cuIpcGetMemHandle failed
Iteration: 0000, time: 0 seconds, Δt: 10 ms, max(|w|) = 2.0e+00 ms⁻¹, wall time: 0 seconds
Iteration: 0000, time: 0 seconds, Δt: 10 ms, max(|w|) = 2.0e+00 ms⁻¹, wall time: 0 seconds
Iteration: 0000, time: 0 seconds, Δt: 10 ms, max(|w|) = 2.0e+00 ms⁻¹, wall time: 0 seconds
Iteration: 0000, time: 0 seconds, Δt: 10 ms, max(|w|) = 2.0e+00 ms⁻¹, wall time: 0 seconds
[ Info:     ... simulation initialization complete (59.489 seconds)
[ Info: Executing initial time step...
[ Info:     ... simulation initialization complete (59.528 seconds)
[ Info: Executing initial time step...
[ Info:     ... simulation initialization complete (59.683 seconds)
[ Info: Executing initial time step...
[ Info:     ... simulation initialization complete (59.391 seconds)
[ Info: Executing initial time step...
[aerosmith.hpc.oregonstate.edu:1721097] 1 more process has sent help message help-mpi-common-cuda.txt / cuIpcGetMemHandle failed
[aerosmith.hpc.oregonstate.edu:1721097] 219 more processes have sent help message help-mpi-common-cuda.txt / cuIpcGetMemHandle failed
[ Info:     ... initial time step complete (8.116 seconds).
[ Info:     ... initial time step complete (7.718 seconds).
[ Info:     ... initial time step complete (7.722 seconds).
[ Info:     ... initial time step complete (7.691 seconds).
[aerosmith.hpc.oregonstate.edu:1721097] 332 more processes have sent help message help-mpi-common-cuda.txt / cuIpcGetMemHandle failed
[aerosmith.hpc.oregonstate.edu:1721097] [[36477,0],0] ORTE_ERROR_LOG: Data unpack had inadequate space in file util/show_help.c at line 513
[aerosmith.hpc.oregonstate.edu:1721097] 387 more processes have sent help message help-mpi-common-cuda.txt / cuIpcGetMemHandle failed
[aerosmith.hpc.oregonstate.edu:1721097] [[36477,0],0] ORTE_ERROR_LOG: Data unpack would read past end of buffer in file util/show_help.c at line 513
[aerosmith.hpc.oregonstate.edu:1721097] 371 more processes have sent help message help-mpi-common-cuda.txt / cuIpcGetMemHandle failed
[aerosmith.hpc.oregonstate.edu:1721097] 360 more processes have sent help message help-mpi-common-cuda.txt / cuIpcGetMemHandle failed
[aerosmith.hpc.oregonstate.edu:1721097] 396 more processes have sent help message help-mpi-common-cuda.txt / cuIpcGetMemHandle failed
[aerosmith.hpc.oregonstate.edu:1721097] 389 more processes have sent help message help-mpi-common-cuda.txt / cuIpcGetMemHandle failed
[aerosmith.hpc.oregonstate.edu:1721097] 335 more processes have sent help message help-mpi-common-cuda.txt / cuIpcGetMemHandle failed
[aerosmith.hpc.oregonstate.edu:1721097] 400 more processes have sent help message help-mpi-common-cuda.txt / cuIpcGetMemHandle failed
[aerosmith.hpc.oregonstate.edu:1721097] 388 more processes have sent help message help-mpi-common-cuda.txt / cuIpcGetMemHandle failed
[aerosmith.hpc.oregonstate.edu:1721097] 388 more processes have sent help message help-mpi-common-cuda.txt / cuIpcGetMemHandle failed
[aerosmith.hpc.oregonstate.edu:1721097] 344 more processes have sent help message help-mpi-common-cuda.txt / cuIpcGetMemHandle failed
[aerosmith.hpc.oregonstate.edu:1721097] [[36477,0],0] ORTE_ERROR_LOG: Data unpack would read past end of buffer in file util/show_help.c at line 513
[aerosmith.hpc.oregonstate.edu:1721097] 399 more processes have sent help message help-mpi-common-cuda.txt / cuIpcGetMemHandle failed
Iteration: 0020, time: 200.000 ms, Δt: 10 ms, max(|w|) = 1.1e+00 ms⁻¹, wall time: 2.111 minutes
Iteration: 0020, time: 200.000 ms, Δt: 10 ms, max(|w|) = 1.2e+00 ms⁻¹, wall time: 2.115 minutes
Iteration: 0020, time: 200.000 ms, Δt: 10 ms, max(|w|) = 1.1e+00 ms⁻¹, wall time: 2.109 minutes
Iteration: 0020, time: 200.000 ms, Δt: 10 ms, max(|w|) = 1.1e+00 ms⁻¹, wall time: 2.106 minutes
[aerosmith.hpc.oregonstate.edu:1721097] 388 more processes have sent help message help-mpi-common-cuda.txt / cuIpcGetMemHandle failed
[aerosmith.hpc.oregonstate.edu:1721097] [[36477,0],0] ORTE_ERROR_LOG: Data unpack would read past end of buffer in file util/show_help.c at line 513
[aerosmith.hpc.oregonstate.edu:1721097] 379 more processes have sent help message help-mpi-common-cuda.txt / cuIpcGetMemHandle failed
[aerosmith.hpc.oregonstate.edu:1721097] 352 more processes have sent help message help-mpi-common-cuda.txt / cuIpcGetMemHandle failed
[aerosmith.hpc.oregonstate.edu:1721097] 400 more processes have sent help message help-mpi-common-cuda.txt / cuIpcGetMemHandle failed
[aerosmith.hpc.oregonstate.edu:1721097] 400 more processes have sent help message help-mpi-common-cuda.txt / cuIpcGetMemHandle failed
[aerosmith.hpc.oregonstate.edu:1721097] [[36477,0],0] ORTE_ERROR_LOG: Data unpack would read past end of buffer in file util/show_help.c at line 513
[aerosmith.hpc.oregonstate.edu:1721097] 399 more processes have sent help message help-mpi-common-cuda.txt / cuIpcGetMemHandle failed
[aerosmith.hpc.oregonstate.edu:1721097] 388 more processes have sent help message help-mpi-common-cuda.txt / cuIpcGetMemHandle failed
[aerosmith.hpc.oregonstate.edu:1721097] 388 more processes have sent help message help-mpi-common-cuda.txt / cuIpcGetMemHandle failed
[aerosmith.hpc.oregonstate.edu:1721097] 344 more processes have sent help message help-mpi-common-cuda.txt / cuIpcGetMemHandle failed
[aerosmith.hpc.oregonstate.edu:1721097] 388 more processes have sent help message help-mpi-common-cuda.txt / cuIpcGetMemHandle failed
[aerosmith.hpc.oregonstate.edu:1721097] 372 more processes have sent help message help-mpi-common-cuda.txt / cuIpcGetMemHandle failed
[aerosmith.hpc.oregonstate.edu:1721097] 360 more processes have sent help message help-mpi-common-cuda.txt / cuIpcGetMemHandle failed
Iteration: 0040, time: 400.000 ms, Δt: 10 ms, max(|w|) = 9.5e-01 ms⁻¹, wall time: 3.206 minutes
Iteration: 0040, time: 400.000 ms, Δt: 10 ms, max(|w|) = 9.3e-01 ms⁻¹, wall time: 3.209 minutes
Iteration: 0040, time: 400.000 ms, Δt: 10 ms, max(|w|) = 9.2e-01 ms⁻¹, wall time: 3.203 minutes
Iteration: 0040, time: 400.000 ms, Δt: 10 ms, max(|w|) = 9.0e-01 ms⁻¹, wall time: 3.200 minutes
[aerosmith.hpc.oregonstate.edu:1721097] 389 more processes have sent help message help-mpi-common-cuda.txt / cuIpcGetMemHandle failed
[aerosmith.hpc.oregonstate.edu:1721097] 387 more processes have sent help message help-mpi-common-cuda.txt / cuIpcGetMemHandle failed
[aerosmith.hpc.oregonstate.edu:1721097] 344 more processes have sent help message help-mpi-common-cuda.txt / cuIpcGetMemHandle failed
[aerosmith.hpc.oregonstate.edu:1721097] 388 more processes have sent help message help-mpi-common-cuda.txt / cuIpcGetMemHandle failed
[aerosmith.hpc.oregonstate.edu:1721097] 388 more processes have sent help message help-mpi-common-cuda.txt / cuIpcGetMemHandle failed
[aerosmith.hpc.oregonstate.edu:1721097] 344 more processes have sent help message help-mpi-common-cuda.txt / cuIpcGetMemHandle failed
[aerosmith.hpc.oregonstate.edu:1721097] 400 more processes have sent help message help-mpi-common-cuda.txt / cuIpcGetMemHandle failed
[aerosmith.hpc.oregonstate.edu:1721097] 112 more processes have sent help message help-mpi-common-cuda.txt / cuIpcGetMemHandle failed
[aerosmith.hpc.oregonstate.edu:1721097] 1 more process has sent help message help-mpi-common-cuda.txt / cuIpcGetMemHandle failed
[aerosmith.hpc.oregonstate.edu:1721097] 367 more processes have sent help message help-mpi-common-cuda.txt / cuIpcGetMemHandle failed
[aerosmith.hpc.oregonstate.edu:1721097] 388 more processes have sent help message help-mpi-common-cuda.txt / cuIpcGetMemHandle failed
[aerosmith.hpc.oregonstate.edu:1721097] [[36477,0],0] ORTE_ERROR_LOG: Data unpack would read past end of buffer in file util/show_help.c at line 513
[aerosmith.hpc.oregonstate.edu:1721097] 387 more processes have sent help message help-mpi-common-cuda.txt / cuIpcGetMemHandle failed
[aerosmith.hpc.oregonstate.edu:1721097] [[36477,0],0] ORTE_ERROR_LOG: Data unpack would read past end of buffer in file util/show_help.c at line 513
[aerosmith.hpc.oregonstate.edu:1721097] 343 more processes have sent help message help-mpi-common-cuda.txt / cuIpcGetMemHandle failed
[aerosmith.hpc.oregonstate.edu:1721097] 388 more processes have sent help message help-mpi-common-cuda.txt / cuIpcGetMemHandle failed
[aerosmith.hpc.oregonstate.edu:1721097] [[36477,0],0] ORTE_ERROR_LOG: Data unpack would read past end of buffer in file util/show_help.c at line 513
[aerosmith.hpc.oregonstate.edu:1721097] 363 more processes have sent help message help-mpi-common-cuda.txt / cuIpcGetMemHandle failed
Iteration: 0060, time: 600.000 ms, Δt: 10 ms, max(|w|) = 7.9e-01 ms⁻¹, wall time: 5.040 minutes
Iteration: 0060, time: 600.000 ms, Δt: 10 ms, max(|w|) = 7.8e-01 ms⁻¹, wall time: 5.035 minutes
Iteration: 0060, time: 600.000 ms, Δt: 10 ms, max(|w|) = 7.8e-01 ms⁻¹, wall time: 5.038 minutes
Iteration: 0060, time: 600.000 ms, Δt: 10 ms, max(|w|) = 8.0e-01 ms⁻¹, wall time: 5.044 minutes
[aerosmith.hpc.oregonstate.edu:1721097] 368 more processes have sent help message help-mpi-common-cuda.txt / cuIpcGetMemHandle failed
[aerosmith.hpc.oregonstate.edu:1721097] 388 more processes have sent help message help-mpi-common-cuda.txt / cuIpcGetMemHandle failed
[aerosmith.hpc.oregonstate.edu:1721097] 380 more processes have sent help message help-mpi-common-cuda.txt / cuIpcGetMemHandle failed
[aerosmith.hpc.oregonstate.edu:1721097] 352 more processes have sent help message help-mpi-common-cuda.txt / cuIpcGetMemHandle failed
[aerosmith.hpc.oregonstate.edu:1721097] 388 more processes have sent help message help-mpi-common-cuda.txt / cuIpcGetMemHandle failed
[aerosmith.hpc.oregonstate.edu:1721097] 332 more processes have sent help message help-mpi-common-cuda.txt / cuIpcGetMemHandle failed
[aerosmith.hpc.oregonstate.edu:1721097] 388 more processes have sent help message help-mpi-common-cuda.txt / cuIpcGetMemHandle failed
[aerosmith.hpc.oregonstate.edu:1721097] 386 more processes have sent help message help-mpi-common-cuda.txt / cuIpcGetMemHandle failed
[aerosmith.hpc.oregonstate.edu:1721097] 346 more processes have sent help message help-mpi-common-cuda.txt / cuIpcGetMemHandle failed
[aerosmith.hpc.oregonstate.edu:1721097] 388 more processes have sent help message help-mpi-common-cuda.txt / cuIpcGetMemHandle failed
[aerosmith.hpc.oregonstate.edu:1721097] 372 more processes have sent help message help-mpi-common-cuda.txt / cuIpcGetMemHandle failed
[aerosmith.hpc.oregonstate.edu:1721097] 360 more processes have sent help message help-mpi-common-cuda.txt / cuIpcGetMemHandle failed
[aerosmith.hpc.oregonstate.edu:1721097] 400 more processes have sent help message help-mpi-common-cuda.txt / cuIpcGetMemHandle failed
Iteration: 0080, time: 800.000 ms, Δt: 10 ms, max(|w|) = 6.7e-01 ms⁻¹, wall time: 6.137 minutes
Iteration: 0080, time: 800.000 ms, Δt: 10 ms, max(|w|) = 7.0e-01 ms⁻¹, wall time: 6.143 minutes
Iteration: 0080, time: 800.000 ms, Δt: 10 ms, max(|w|) = 7.0e-01 ms⁻¹, wall time: 6.140 minutes
Iteration: 0080, time: 800.000 ms, Δt: 10 ms, max(|w|) = 7.3e-01 ms⁻¹, wall time: 6.134 minutes
[aerosmith.hpc.oregonstate.edu:1721097] 400 more processes have sent help message help-mpi-common-cuda.txt / cuIpcGetMemHandle failed
[aerosmith.hpc.oregonstate.edu:1721097] 400 more processes have sent help message help-mpi-common-cuda.txt / cuIpcGetMemHandle failed
[aerosmith.hpc.oregonstate.edu:1721097] 400 more processes have sent help message help-mpi-common-cuda.txt / cuIpcGetMemHandle failed
[aerosmith.hpc.oregonstate.edu:1721097] 400 more processes have sent help message help-mpi-common-cuda.txt / cuIpcGetMemHandle failed
[aerosmith.hpc.oregonstate.edu:1721097] 400 more processes have sent help message help-mpi-common-cuda.txt / cuIpcGetMemHandle failed
[aerosmith.hpc.oregonstate.edu:1721097] 389 more processes have sent help message help-mpi-common-cuda.txt / cuIpcGetMemHandle failed
[aerosmith.hpc.oregonstate.edu:1721097] [[36477,0],0] ORTE_ERROR_LOG: Data unpack would read past end of buffer in file util/show_help.c at line 513
[aerosmith.hpc.oregonstate.edu:1721097] 386 more processes have sent help message help-mpi-common-cuda.txt / cuIpcGetMemHandle failed
[aerosmith.hpc.oregonstate.edu:1721097] 344 more processes have sent help message help-mpi-common-cuda.txt / cuIpcGetMemHandle failed
[aerosmith.hpc.oregonstate.edu:1721097] 400 more processes have sent help message help-mpi-common-cuda.txt / cuIpcGetMemHandle failed
[aerosmith.hpc.oregonstate.edu:1721097] 400 more processes have sent help message help-mpi-common-cuda.txt / cuIpcGetMemHandle failed
[aerosmith.hpc.oregonstate.edu:1721097] 400 more processes have sent help message help-mpi-common-cuda.txt / cuIpcGetMemHandle failed
[aerosmith.hpc.oregonstate.edu:1721097] 400 more processes have sent help message help-mpi-common-cuda.txt / cuIpcGetMemHandle failed
[ Info: Simulation is stopping after running for 7.235 minutes.
[ Info: Simulation is stopping after running for 7.229 minutes.
[ Info: Model iteration 100 equals or exceeds stop iteration 100.
[ Info: Model iteration 100 equals or exceeds stop iteration 100.
[ Info: Simulation is stopping after running for 7.231 minutes.
[ Info: Model iteration 100 equals or exceeds stop iteration 100.
[ Info: Simulation is stopping after running for 7.226 minutes.
[ Info: Model iteration 100 equals or exceeds stop iteration 100.
Iteration: 0100, time: 1000.000 ms, Δt: 10 ms, max(|w|) = 6.1e-01 ms⁻¹, wall time: 7.229 minutes
Iteration: 0100, time: 1000.000 ms, Δt: 10 ms, max(|w|) = 6.3e-01 ms⁻¹, wall time: 7.231 minutes
Iteration: 0100, time: 1000.000 ms, Δt: 10 ms, max(|w|) = 6.3e-01 ms⁻¹, wall time: 7.226 minutes
Iteration: 0100, time: 1000.000 ms, Δt: 10 ms, max(|w|) = 6.3e-01 ms⁻¹, wall time: 7.235 minutes
[aerosmith.hpc.oregonstate.edu:1721097] 192 more processes have sent help message help-mpi-common-cuda.txt / cuIpcGetMemHandle failed
