[ Info: MPI has not been initialized, so we are calling MPI.Init().
[ Info: MPI has not been initialized, so we are calling MPI.Init().
grid = 512×1024×512 RectilinearGrid{Float64, Oceananigans.Grids.FullyConnected, Periodic, Periodic} on Distributed{GPU{CUDA.CUDAKernels.CUDABackend}} with 3×3×3 halo
├── FullyConnected x ∈ [-3.86538e-18, 50.2655) regularly spaced with Δx=0.0981748
├── Periodic y ∈ [1.87735e-17, 100.531)        regularly spaced with Δy=0.0981748
└── Periodic z ∈ [-3.86538e-18, 50.2655)       regularly spaced with Δz=0.0981748
grid = 512×1024×512 RectilinearGrid{Float64, Oceananigans.Grids.FullyConnected, Periodic, Periodic} on Distributed{GPU{CUDA.CUDAKernels.CUDABackend}} with 3×3×3 halo
├── FullyConnected x ∈ [50.2655, 100.531) regularly spaced with Δx=0.0981748
├── Periodic y ∈ [1.87735e-17, 100.531)   regularly spaced with Δy=0.0981748
└── Periodic z ∈ [-3.86538e-18, 50.2655)  regularly spaced with Δz=0.0981748
--------------------------------------------------------------------------
The call to cuMemHostRegister(0x14cadfe00008, 134217728, 0) failed.
  Host:  aerosmith
  cuMemHostRegister return value:  1
  Registration cache:  smcuda
--------------------------------------------------------------------------
[aerosmith.hpc.oregonstate.edu:622804] 1 more process has sent help message help-mpi-common-cuda.txt / cuMemHostRegister during init failed
[aerosmith.hpc.oregonstate.edu:622804] Set MCA parameter "orte_base_help_aggregate" to 0 to see all help / error messages
--------------------------------------------------------------------------
The call to cuIpcGetMemHandle failed. This means the GPU RDMA protocol
cannot be used.
  cuIpcGetMemHandle return value:   1
  address: 0x52a9fa000
Check the cuda.h file for what the return value means. Perhaps a reboot
of the node will clear the problem.
--------------------------------------------------------------------------
[aerosmith.hpc.oregonstate.edu:622804] [[19891,0],0] ORTE_ERROR_LOG: Data unpack would read past end of buffer in file util/show_help.c at line 513
[aerosmith.hpc.oregonstate.edu:622804] 34 more processes have sent help message help-mpi-common-cuda.txt / cuIpcGetMemHandle failed
[aerosmith.hpc.oregonstate.edu:622804] 20 more processes have sent help message help-mpi-common-cuda.txt / cuIpcGetMemHandle failed
[ Info: Initializing simulation...
[aerosmith.hpc.oregonstate.edu:622804] 1 more process has sent help message help-mpi-common-cuda.txt / cuIpcGetMemHandle failed
[ Info: Initializing simulation...
[aerosmith.hpc.oregonstate.edu:622804] 11 more processes have sent help message help-mpi-common-cuda.txt / cuIpcGetMemHandle failed
Iteration: 0000, time: 0 seconds, Δt: 10 ms, max(|w|) = 2.1e+00 ms⁻¹, wall time: 0 seconds
Iteration: 0000, time: 0 seconds, Δt: 10 ms, max(|w|) = 2.1e+00 ms⁻¹, wall time: 0 seconds
[ Info:     ... simulation initialization complete (1.065 minutes)
[ Info: Executing initial time step...
[aerosmith.hpc.oregonstate.edu:622804] 1 more process has sent help message help-mpi-common-cuda.txt / cuIpcGetMemHandle failed
[aerosmith.hpc.oregonstate.edu:622804] 5 more processes have sent help message help-mpi-common-cuda.txt / cuIpcGetMemHandle failed
[ Info:     ... simulation initialization complete (1.242 minutes)
[ Info: Executing initial time step...
[aerosmith.hpc.oregonstate.edu:622804] 54 more processes have sent help message help-mpi-common-cuda.txt / cuIpcGetMemHandle failed
[ Info:     ... initial time step complete (21.316 seconds).
[ Info:     ... initial time step complete (10.766 seconds).
[aerosmith.hpc.oregonstate.edu:622804] 68 more processes have sent help message help-mpi-common-cuda.txt / cuIpcGetMemHandle failed
[aerosmith.hpc.oregonstate.edu:622804] 90 more processes have sent help message help-mpi-common-cuda.txt / cuIpcGetMemHandle failed
[aerosmith.hpc.oregonstate.edu:622804] 66 more processes have sent help message help-mpi-common-cuda.txt / cuIpcGetMemHandle failed
[aerosmith.hpc.oregonstate.edu:622804] 94 more processes have sent help message help-mpi-common-cuda.txt / cuIpcGetMemHandle failed
[aerosmith.hpc.oregonstate.edu:622804] [[19891,0],0] ORTE_ERROR_LOG: Data unpack would read past end of buffer in file util/show_help.c at line 513
[aerosmith.hpc.oregonstate.edu:622804] 65 more processes have sent help message help-mpi-common-cuda.txt / cuIpcGetMemHandle failed
[aerosmith.hpc.oregonstate.edu:622804] 94 more processes have sent help message help-mpi-common-cuda.txt / cuIpcGetMemHandle failed
[aerosmith.hpc.oregonstate.edu:622804] 66 more processes have sent help message help-mpi-common-cuda.txt / cuIpcGetMemHandle failed
[aerosmith.hpc.oregonstate.edu:622804] [[19891,0],0] ORTE_ERROR_LOG: Data unpack would read past end of buffer in file util/show_help.c at line 513
[aerosmith.hpc.oregonstate.edu:622804] 93 more processes have sent help message help-mpi-common-cuda.txt / cuIpcGetMemHandle failed
[aerosmith.hpc.oregonstate.edu:622804] 66 more processes have sent help message help-mpi-common-cuda.txt / cuIpcGetMemHandle failed
[aerosmith.hpc.oregonstate.edu:622804] 94 more processes have sent help message help-mpi-common-cuda.txt / cuIpcGetMemHandle failed
[aerosmith.hpc.oregonstate.edu:622804] 66 more processes have sent help message help-mpi-common-cuda.txt / cuIpcGetMemHandle failed
[aerosmith.hpc.oregonstate.edu:622804] 94 more processes have sent help message help-mpi-common-cuda.txt / cuIpcGetMemHandle failed
[aerosmith.hpc.oregonstate.edu:622804] 66 more processes have sent help message help-mpi-common-cuda.txt / cuIpcGetMemHandle failed
[aerosmith.hpc.oregonstate.edu:622804] 94 more processes have sent help message help-mpi-common-cuda.txt / cuIpcGetMemHandle failed
[aerosmith.hpc.oregonstate.edu:622804] 66 more processes have sent help message help-mpi-common-cuda.txt / cuIpcGetMemHandle failed
[aerosmith.hpc.oregonstate.edu:622804] 94 more processes have sent help message help-mpi-common-cuda.txt / cuIpcGetMemHandle failed
[aerosmith.hpc.oregonstate.edu:622804] 66 more processes have sent help message help-mpi-common-cuda.txt / cuIpcGetMemHandle failed
[aerosmith.hpc.oregonstate.edu:622804] 94 more processes have sent help message help-mpi-common-cuda.txt / cuIpcGetMemHandle failed
[aerosmith.hpc.oregonstate.edu:622804] 66 more processes have sent help message help-mpi-common-cuda.txt / cuIpcGetMemHandle failed
[aerosmith.hpc.oregonstate.edu:622804] 94 more processes have sent help message help-mpi-common-cuda.txt / cuIpcGetMemHandle failed
[aerosmith.hpc.oregonstate.edu:622804] 66 more processes have sent help message help-mpi-common-cuda.txt / cuIpcGetMemHandle failed
[aerosmith.hpc.oregonstate.edu:622804] 94 more processes have sent help message help-mpi-common-cuda.txt / cuIpcGetMemHandle failed
[aerosmith.hpc.oregonstate.edu:622804] 66 more processes have sent help message help-mpi-common-cuda.txt / cuIpcGetMemHandle failed
Iteration: 0020, time: 200.000 ms, Δt: 10 ms, max(|w|) = 1.2e+00 ms⁻¹, wall time: 3.301 minutes
Iteration: 0020, time: 200.000 ms, Δt: 10 ms, max(|w|) = 1.2e+00 ms⁻¹, wall time: 3.299 minutes
[aerosmith.hpc.oregonstate.edu:622804] 94 more processes have sent help message help-mpi-common-cuda.txt / cuIpcGetMemHandle failed
[aerosmith.hpc.oregonstate.edu:622804] [[19891,0],0] ORTE_ERROR_LOG: Data unpack would read past end of buffer in file util/show_help.c at line 513
[aerosmith.hpc.oregonstate.edu:622804] 65 more processes have sent help message help-mpi-common-cuda.txt / cuIpcGetMemHandle failed
[aerosmith.hpc.oregonstate.edu:622804] 94 more processes have sent help message help-mpi-common-cuda.txt / cuIpcGetMemHandle failed
[aerosmith.hpc.oregonstate.edu:622804] 66 more processes have sent help message help-mpi-common-cuda.txt / cuIpcGetMemHandle failed
[aerosmith.hpc.oregonstate.edu:622804] 94 more processes have sent help message help-mpi-common-cuda.txt / cuIpcGetMemHandle failed
[aerosmith.hpc.oregonstate.edu:622804] 66 more processes have sent help message help-mpi-common-cuda.txt / cuIpcGetMemHandle failed
[aerosmith.hpc.oregonstate.edu:622804] 94 more processes have sent help message help-mpi-common-cuda.txt / cuIpcGetMemHandle failed
[aerosmith.hpc.oregonstate.edu:622804] 66 more processes have sent help message help-mpi-common-cuda.txt / cuIpcGetMemHandle failed
[aerosmith.hpc.oregonstate.edu:622804] 94 more processes have sent help message help-mpi-common-cuda.txt / cuIpcGetMemHandle failed
[aerosmith.hpc.oregonstate.edu:622804] 66 more processes have sent help message help-mpi-common-cuda.txt / cuIpcGetMemHandle failed
[aerosmith.hpc.oregonstate.edu:622804] 94 more processes have sent help message help-mpi-common-cuda.txt / cuIpcGetMemHandle failed
[aerosmith.hpc.oregonstate.edu:622804] 66 more processes have sent help message help-mpi-common-cuda.txt / cuIpcGetMemHandle failed
[aerosmith.hpc.oregonstate.edu:622804] 94 more processes have sent help message help-mpi-common-cuda.txt / cuIpcGetMemHandle failed
[aerosmith.hpc.oregonstate.edu:622804] 66 more processes have sent help message help-mpi-common-cuda.txt / cuIpcGetMemHandle failed
[aerosmith.hpc.oregonstate.edu:622804] 94 more processes have sent help message help-mpi-common-cuda.txt / cuIpcGetMemHandle failed
[aerosmith.hpc.oregonstate.edu:622804] 66 more processes have sent help message help-mpi-common-cuda.txt / cuIpcGetMemHandle failed
[aerosmith.hpc.oregonstate.edu:622804] 94 more processes have sent help message help-mpi-common-cuda.txt / cuIpcGetMemHandle failed
[aerosmith.hpc.oregonstate.edu:622804] 66 more processes have sent help message help-mpi-common-cuda.txt / cuIpcGetMemHandle failed
[aerosmith.hpc.oregonstate.edu:622804] 94 more processes have sent help message help-mpi-common-cuda.txt / cuIpcGetMemHandle failed
[aerosmith.hpc.oregonstate.edu:622804] 66 more processes have sent help message help-mpi-common-cuda.txt / cuIpcGetMemHandle failed
[aerosmith.hpc.oregonstate.edu:622804] 94 more processes have sent help message help-mpi-common-cuda.txt / cuIpcGetMemHandle failed
[aerosmith.hpc.oregonstate.edu:622804] 66 more processes have sent help message help-mpi-common-cuda.txt / cuIpcGetMemHandle failed
[aerosmith.hpc.oregonstate.edu:622804] [[19891,0],0] ORTE_ERROR_LOG: Data unpack would read past end of buffer in file util/show_help.c at line 513
[aerosmith.hpc.oregonstate.edu:622804] 93 more processes have sent help message help-mpi-common-cuda.txt / cuIpcGetMemHandle failed
[aerosmith.hpc.oregonstate.edu:622804] 66 more processes have sent help message help-mpi-common-cuda.txt / cuIpcGetMemHandle failed
Iteration: 0040, time: 400.000 ms, Δt: 10 ms, max(|w|) = 9.8e-01 ms⁻¹, wall time: 5.380 minutes
Iteration: 0040, time: 400.000 ms, Δt: 10 ms, max(|w|) = 9.5e-01 ms⁻¹, wall time: 5.378 minutes
[aerosmith.hpc.oregonstate.edu:622804] 94 more processes have sent help message help-mpi-common-cuda.txt / cuIpcGetMemHandle failed
[aerosmith.hpc.oregonstate.edu:622804] 66 more processes have sent help message help-mpi-common-cuda.txt / cuIpcGetMemHandle failed
[aerosmith.hpc.oregonstate.edu:622804] 94 more processes have sent help message help-mpi-common-cuda.txt / cuIpcGetMemHandle failed
[aerosmith.hpc.oregonstate.edu:622804] 66 more processes have sent help message help-mpi-common-cuda.txt / cuIpcGetMemHandle failed
[aerosmith.hpc.oregonstate.edu:622804] 94 more processes have sent help message help-mpi-common-cuda.txt / cuIpcGetMemHandle failed
[aerosmith.hpc.oregonstate.edu:622804] 66 more processes have sent help message help-mpi-common-cuda.txt / cuIpcGetMemHandle failed
[aerosmith.hpc.oregonstate.edu:622804] 94 more processes have sent help message help-mpi-common-cuda.txt / cuIpcGetMemHandle failed
[aerosmith.hpc.oregonstate.edu:622804] 66 more processes have sent help message help-mpi-common-cuda.txt / cuIpcGetMemHandle failed
[aerosmith.hpc.oregonstate.edu:622804] 94 more processes have sent help message help-mpi-common-cuda.txt / cuIpcGetMemHandle failed
[aerosmith.hpc.oregonstate.edu:622804] 66 more processes have sent help message help-mpi-common-cuda.txt / cuIpcGetMemHandle failed
[aerosmith.hpc.oregonstate.edu:622804] 94 more processes have sent help message help-mpi-common-cuda.txt / cuIpcGetMemHandle failed
[aerosmith.hpc.oregonstate.edu:622804] 66 more processes have sent help message help-mpi-common-cuda.txt / cuIpcGetMemHandle failed
[aerosmith.hpc.oregonstate.edu:622804] 48 more processes have sent help message help-mpi-common-cuda.txt / cuIpcGetMemHandle failed
[aerosmith.hpc.oregonstate.edu:622804] 1 more process has sent help message help-mpi-common-cuda.txt / cuIpcGetMemHandle failed
[aerosmith.hpc.oregonstate.edu:622804] 1 more process has sent help message help-mpi-common-cuda.txt / cuIpcGetMemHandle failed
[aerosmith.hpc.oregonstate.edu:622804] 1 more process has sent help message help-mpi-common-cuda.txt / cuIpcGetMemHandle failed
[aerosmith.hpc.oregonstate.edu:622804] 75 more processes have sent help message help-mpi-common-cuda.txt / cuIpcGetMemHandle failed
[aerosmith.hpc.oregonstate.edu:622804] 66 more processes have sent help message help-mpi-common-cuda.txt / cuIpcGetMemHandle failed
[aerosmith.hpc.oregonstate.edu:622804] 94 more processes have sent help message help-mpi-common-cuda.txt / cuIpcGetMemHandle failed
[aerosmith.hpc.oregonstate.edu:622804] 66 more processes have sent help message help-mpi-common-cuda.txt / cuIpcGetMemHandle failed
[aerosmith.hpc.oregonstate.edu:622804] 94 more processes have sent help message help-mpi-common-cuda.txt / cuIpcGetMemHandle failed
[aerosmith.hpc.oregonstate.edu:622804] 66 more processes have sent help message help-mpi-common-cuda.txt / cuIpcGetMemHandle failed
[aerosmith.hpc.oregonstate.edu:622804] 94 more processes have sent help message help-mpi-common-cuda.txt / cuIpcGetMemHandle failed
[aerosmith.hpc.oregonstate.edu:622804] 66 more processes have sent help message help-mpi-common-cuda.txt / cuIpcGetMemHandle failed
[aerosmith.hpc.oregonstate.edu:622804] 94 more processes have sent help message help-mpi-common-cuda.txt / cuIpcGetMemHandle failed
[aerosmith.hpc.oregonstate.edu:622804] 66 more processes have sent help message help-mpi-common-cuda.txt / cuIpcGetMemHandle failed
[aerosmith.hpc.oregonstate.edu:622804] 94 more processes have sent help message help-mpi-common-cuda.txt / cuIpcGetMemHandle failed
[aerosmith.hpc.oregonstate.edu:622804] 66 more processes have sent help message help-mpi-common-cuda.txt / cuIpcGetMemHandle failed
Iteration: 0060, time: 600.000 ms, Δt: 10 ms, max(|w|) = 8.4e-01 ms⁻¹, wall time: 8.463 minutes
Iteration: 0060, time: 600.000 ms, Δt: 10 ms, max(|w|) = 8.1e-01 ms⁻¹, wall time: 8.462 minutes
[aerosmith.hpc.oregonstate.edu:622804] 94 more processes have sent help message help-mpi-common-cuda.txt / cuIpcGetMemHandle failed
[aerosmith.hpc.oregonstate.edu:622804] [[19891,0],0] ORTE_ERROR_LOG: Data unpack would read past end of buffer in file util/show_help.c at line 513
[aerosmith.hpc.oregonstate.edu:622804] 65 more processes have sent help message help-mpi-common-cuda.txt / cuIpcGetMemHandle failed
[aerosmith.hpc.oregonstate.edu:622804] 94 more processes have sent help message help-mpi-common-cuda.txt / cuIpcGetMemHandle failed
[aerosmith.hpc.oregonstate.edu:622804] 66 more processes have sent help message help-mpi-common-cuda.txt / cuIpcGetMemHandle failed
[aerosmith.hpc.oregonstate.edu:622804] 94 more processes have sent help message help-mpi-common-cuda.txt / cuIpcGetMemHandle failed
[aerosmith.hpc.oregonstate.edu:622804] 66 more processes have sent help message help-mpi-common-cuda.txt / cuIpcGetMemHandle failed
[aerosmith.hpc.oregonstate.edu:622804] 94 more processes have sent help message help-mpi-common-cuda.txt / cuIpcGetMemHandle failed
[aerosmith.hpc.oregonstate.edu:622804] 66 more processes have sent help message help-mpi-common-cuda.txt / cuIpcGetMemHandle failed
[aerosmith.hpc.oregonstate.edu:622804] 94 more processes have sent help message help-mpi-common-cuda.txt / cuIpcGetMemHandle failed
[aerosmith.hpc.oregonstate.edu:622804] 66 more processes have sent help message help-mpi-common-cuda.txt / cuIpcGetMemHandle failed
[aerosmith.hpc.oregonstate.edu:622804] 94 more processes have sent help message help-mpi-common-cuda.txt / cuIpcGetMemHandle failed
[aerosmith.hpc.oregonstate.edu:622804] 66 more processes have sent help message help-mpi-common-cuda.txt / cuIpcGetMemHandle failed
[aerosmith.hpc.oregonstate.edu:622804] 94 more processes have sent help message help-mpi-common-cuda.txt / cuIpcGetMemHandle failed
[aerosmith.hpc.oregonstate.edu:622804] 66 more processes have sent help message help-mpi-common-cuda.txt / cuIpcGetMemHandle failed
[aerosmith.hpc.oregonstate.edu:622804] 94 more processes have sent help message help-mpi-common-cuda.txt / cuIpcGetMemHandle failed
[aerosmith.hpc.oregonstate.edu:622804] 66 more processes have sent help message help-mpi-common-cuda.txt / cuIpcGetMemHandle failed
[aerosmith.hpc.oregonstate.edu:622804] 94 more processes have sent help message help-mpi-common-cuda.txt / cuIpcGetMemHandle failed
[aerosmith.hpc.oregonstate.edu:622804] 66 more processes have sent help message help-mpi-common-cuda.txt / cuIpcGetMemHandle failed
[aerosmith.hpc.oregonstate.edu:622804] 94 more processes have sent help message help-mpi-common-cuda.txt / cuIpcGetMemHandle failed
[aerosmith.hpc.oregonstate.edu:622804] 66 more processes have sent help message help-mpi-common-cuda.txt / cuIpcGetMemHandle failed
[aerosmith.hpc.oregonstate.edu:622804] 94 more processes have sent help message help-mpi-common-cuda.txt / cuIpcGetMemHandle failed
[aerosmith.hpc.oregonstate.edu:622804] 66 more processes have sent help message help-mpi-common-cuda.txt / cuIpcGetMemHandle failed
[aerosmith.hpc.oregonstate.edu:622804] 94 more processes have sent help message help-mpi-common-cuda.txt / cuIpcGetMemHandle failed
[aerosmith.hpc.oregonstate.edu:622804] 66 more processes have sent help message help-mpi-common-cuda.txt / cuIpcGetMemHandle failed
Iteration: 0080, time: 800.000 ms, Δt: 10 ms, max(|w|) = 7.2e-01 ms⁻¹, wall time: 10.542 minutes
Iteration: 0080, time: 800.000 ms, Δt: 10 ms, max(|w|) = 6.9e-01 ms⁻¹, wall time: 10.540 minutes
[aerosmith.hpc.oregonstate.edu:622804] 94 more processes have sent help message help-mpi-common-cuda.txt / cuIpcGetMemHandle failed
[aerosmith.hpc.oregonstate.edu:622804] 66 more processes have sent help message help-mpi-common-cuda.txt / cuIpcGetMemHandle failed
[aerosmith.hpc.oregonstate.edu:622804] 94 more processes have sent help message help-mpi-common-cuda.txt / cuIpcGetMemHandle failed
[aerosmith.hpc.oregonstate.edu:622804] 66 more processes have sent help message help-mpi-common-cuda.txt / cuIpcGetMemHandle failed
[aerosmith.hpc.oregonstate.edu:622804] 94 more processes have sent help message help-mpi-common-cuda.txt / cuIpcGetMemHandle failed
[aerosmith.hpc.oregonstate.edu:622804] 66 more processes have sent help message help-mpi-common-cuda.txt / cuIpcGetMemHandle failed
[aerosmith.hpc.oregonstate.edu:622804] [[19891,0],0] ORTE_ERROR_LOG: Data unpack would read past end of buffer in file util/show_help.c at line 513
[aerosmith.hpc.oregonstate.edu:622804] 93 more processes have sent help message help-mpi-common-cuda.txt / cuIpcGetMemHandle failed
[aerosmith.hpc.oregonstate.edu:622804] 66 more processes have sent help message help-mpi-common-cuda.txt / cuIpcGetMemHandle failed
[aerosmith.hpc.oregonstate.edu:622804] 94 more processes have sent help message help-mpi-common-cuda.txt / cuIpcGetMemHandle failed
[aerosmith.hpc.oregonstate.edu:622804] 66 more processes have sent help message help-mpi-common-cuda.txt / cuIpcGetMemHandle failed
[aerosmith.hpc.oregonstate.edu:622804] 94 more processes have sent help message help-mpi-common-cuda.txt / cuIpcGetMemHandle failed
[aerosmith.hpc.oregonstate.edu:622804] 66 more processes have sent help message help-mpi-common-cuda.txt / cuIpcGetMemHandle failed
[aerosmith.hpc.oregonstate.edu:622804] 94 more processes have sent help message help-mpi-common-cuda.txt / cuIpcGetMemHandle failed
[aerosmith.hpc.oregonstate.edu:622804] 66 more processes have sent help message help-mpi-common-cuda.txt / cuIpcGetMemHandle failed
[aerosmith.hpc.oregonstate.edu:622804] 94 more processes have sent help message help-mpi-common-cuda.txt / cuIpcGetMemHandle failed
[aerosmith.hpc.oregonstate.edu:622804] 66 more processes have sent help message help-mpi-common-cuda.txt / cuIpcGetMemHandle failed
[aerosmith.hpc.oregonstate.edu:622804] 94 more processes have sent help message help-mpi-common-cuda.txt / cuIpcGetMemHandle failed
[aerosmith.hpc.oregonstate.edu:622804] 66 more processes have sent help message help-mpi-common-cuda.txt / cuIpcGetMemHandle failed
[aerosmith.hpc.oregonstate.edu:622804] 94 more processes have sent help message help-mpi-common-cuda.txt / cuIpcGetMemHandle failed
[aerosmith.hpc.oregonstate.edu:622804] 66 more processes have sent help message help-mpi-common-cuda.txt / cuIpcGetMemHandle failed
[aerosmith.hpc.oregonstate.edu:622804] 94 more processes have sent help message help-mpi-common-cuda.txt / cuIpcGetMemHandle failed
[aerosmith.hpc.oregonstate.edu:622804] 66 more processes have sent help message help-mpi-common-cuda.txt / cuIpcGetMemHandle failed
[aerosmith.hpc.oregonstate.edu:622804] 94 more processes have sent help message help-mpi-common-cuda.txt / cuIpcGetMemHandle failed
[aerosmith.hpc.oregonstate.edu:622804] 66 more processes have sent help message help-mpi-common-cuda.txt / cuIpcGetMemHandle failed
[ Info: Simulation is stopping after running for 12.623 minutes.
[ Info: Model iteration 100 equals or exceeds stop iteration 100.
[ Info: Simulation is stopping after running for 12.625 minutes.
[ Info: Model iteration 100 equals or exceeds stop iteration 100.
Iteration: 0100, time: 1000.000 ms, Δt: 10 ms, max(|w|) = 6.4e-01 ms⁻¹, wall time: 12.625 minutes
Iteration: 0100, time: 1000.000 ms, Δt: 10 ms, max(|w|) = 6.2e-01 ms⁻¹, wall time: 12.623 minutes
[aerosmith.hpc.oregonstate.edu:622804] 16 more processes have sent help message help-mpi-common-cuda.txt / cuIpcGetMemHandle failed
