[ Info: MPI has not been initialized, so we are calling MPI.Init().
[ Info: MPI has not been initialized, so we are calling MPI.Init().
grid = 512×1024×512 RectilinearGrid{Float64, Oceananigans.Grids.FullyConnected, Periodic, Periodic} on Distributed{GPU{CUDA.CUDAKernels.CUDABackend}} with 3×3×3 halo
├── FullyConnected x ∈ [50.2655, 100.531) regularly spaced with Δx=0.0981748
├── Periodic y ∈ [1.87735e-17, 100.531)   regularly spaced with Δy=0.0981748
└── Periodic z ∈ [-3.86538e-18, 50.2655)  regularly spaced with Δz=0.0981748
grid = 512×1024×512 RectilinearGrid{Float64, Oceananigans.Grids.FullyConnected, Periodic, Periodic} on Distributed{GPU{CUDA.CUDAKernels.CUDABackend}} with 3×3×3 halo
├── FullyConnected x ∈ [-3.86538e-18, 50.2655) regularly spaced with Δx=0.0981748
├── Periodic y ∈ [1.87735e-17, 100.531)        regularly spaced with Δy=0.0981748
└── Periodic z ∈ [-3.86538e-18, 50.2655)       regularly spaced with Δz=0.0981748
--------------------------------------------------------------------------
The call to cuMemHostRegister(0x152cb3e00008, 134217728, 0) failed.
  Host:  aerosmith
  cuMemHostRegister return value:  1
  Registration cache:  smcuda
--------------------------------------------------------------------------
[aerosmith.hpc.oregonstate.edu:1534826] 1 more process has sent help message help-mpi-common-cuda.txt / cuMemHostRegister during init failed
[aerosmith.hpc.oregonstate.edu:1534826] Set MCA parameter "orte_base_help_aggregate" to 0 to see all help / error messages
--------------------------------------------------------------------------
The call to cuIpcGetMemHandle failed. This means the GPU RDMA protocol
cannot be used.
  cuIpcGetMemHandle return value:   1
  address: 0x52a9fa000
Check the cuda.h file for what the return value means. Perhaps a reboot
of the node will clear the problem.
--------------------------------------------------------------------------
[aerosmith.hpc.oregonstate.edu:1534826] 35 more processes have sent help message help-mpi-common-cuda.txt / cuIpcGetMemHandle failed
[aerosmith.hpc.oregonstate.edu:1534826] 20 more processes have sent help message help-mpi-common-cuda.txt / cuIpcGetMemHandle failed
[ Info: Initializing simulation...
[ Info: Initializing simulation...
[aerosmith.hpc.oregonstate.edu:1534826] 12 more processes have sent help message help-mpi-common-cuda.txt / cuIpcGetMemHandle failed
[ Info:     ... simulation initialization complete (9.627 seconds)
[ Info: Executing initial time step...
[ Info:     ... simulation initialization complete (10.162 seconds)
[ Info: Executing initial time step...
[aerosmith.hpc.oregonstate.edu:1534826] 1 more process has sent help message help-mpi-common-cuda.txt / cuIpcGetMemHandle failed
[aerosmith.hpc.oregonstate.edu:1534826] 57 more processes have sent help message help-mpi-common-cuda.txt / cuIpcGetMemHandle failed
[ Info:     ... initial time step complete (10.996 seconds).
[ Info:     ... initial time step complete (10.495 seconds).
[aerosmith.hpc.oregonstate.edu:1534826] 66 more processes have sent help message help-mpi-common-cuda.txt / cuIpcGetMemHandle failed
[aerosmith.hpc.oregonstate.edu:1534826] 94 more processes have sent help message help-mpi-common-cuda.txt / cuIpcGetMemHandle failed
[aerosmith.hpc.oregonstate.edu:1534826] [[42515,0],0] ORTE_ERROR_LOG: Data unpack had inadequate space in file util/show_help.c at line 507
[aerosmith.hpc.oregonstate.edu:1534826] 81 more processes have sent help message help-mpi-common-cuda.txt / cuIpcGetMemHandle failed
[aerosmith.hpc.oregonstate.edu:1534826] 80 more processes have sent help message help-mpi-common-cuda.txt / cuIpcGetMemHandle failed
[aerosmith.hpc.oregonstate.edu:1534826] 94 more processes have sent help message help-mpi-common-cuda.txt / cuIpcGetMemHandle failed
[aerosmith.hpc.oregonstate.edu:1534826] 82 more processes have sent help message help-mpi-common-cuda.txt / cuIpcGetMemHandle failed
[aerosmith.hpc.oregonstate.edu:1534826] [[42515,0],0] ORTE_ERROR_LOG: Data unpack would read past end of buffer in file util/show_help.c at line 513
[aerosmith.hpc.oregonstate.edu:1534826] 79 more processes have sent help message help-mpi-common-cuda.txt / cuIpcGetMemHandle failed
[aerosmith.hpc.oregonstate.edu:1534826] 94 more processes have sent help message help-mpi-common-cuda.txt / cuIpcGetMemHandle failed
[aerosmith.hpc.oregonstate.edu:1534826] 82 more processes have sent help message help-mpi-common-cuda.txt / cuIpcGetMemHandle failed
[aerosmith.hpc.oregonstate.edu:1534826] 80 more processes have sent help message help-mpi-common-cuda.txt / cuIpcGetMemHandle failed
[aerosmith.hpc.oregonstate.edu:1534826] 94 more processes have sent help message help-mpi-common-cuda.txt / cuIpcGetMemHandle failed
[aerosmith.hpc.oregonstate.edu:1534826] 82 more processes have sent help message help-mpi-common-cuda.txt / cuIpcGetMemHandle failed
[aerosmith.hpc.oregonstate.edu:1534826] [[42515,0],0] ORTE_ERROR_LOG: Data unpack would read past end of buffer in file util/show_help.c at line 513
[aerosmith.hpc.oregonstate.edu:1534826] 79 more processes have sent help message help-mpi-common-cuda.txt / cuIpcGetMemHandle failed
[aerosmith.hpc.oregonstate.edu:1534826] 94 more processes have sent help message help-mpi-common-cuda.txt / cuIpcGetMemHandle failed
[aerosmith.hpc.oregonstate.edu:1534826] 82 more processes have sent help message help-mpi-common-cuda.txt / cuIpcGetMemHandle failed
[aerosmith.hpc.oregonstate.edu:1534826] 80 more processes have sent help message help-mpi-common-cuda.txt / cuIpcGetMemHandle failed
[aerosmith.hpc.oregonstate.edu:1534826] 94 more processes have sent help message help-mpi-common-cuda.txt / cuIpcGetMemHandle failed
[aerosmith.hpc.oregonstate.edu:1534826] 82 more processes have sent help message help-mpi-common-cuda.txt / cuIpcGetMemHandle failed
[aerosmith.hpc.oregonstate.edu:1534826] 80 more processes have sent help message help-mpi-common-cuda.txt / cuIpcGetMemHandle failed
[aerosmith.hpc.oregonstate.edu:1534826] 94 more processes have sent help message help-mpi-common-cuda.txt / cuIpcGetMemHandle failed
[aerosmith.hpc.oregonstate.edu:1534826] 82 more processes have sent help message help-mpi-common-cuda.txt / cuIpcGetMemHandle failed
[aerosmith.hpc.oregonstate.edu:1534826] [[42515,0],0] ORTE_ERROR_LOG: Data unpack would read past end of buffer in file util/show_help.c at line 513
[aerosmith.hpc.oregonstate.edu:1534826] 79 more processes have sent help message help-mpi-common-cuda.txt / cuIpcGetMemHandle failed
[aerosmith.hpc.oregonstate.edu:1534826] 94 more processes have sent help message help-mpi-common-cuda.txt / cuIpcGetMemHandle failed
[aerosmith.hpc.oregonstate.edu:1534826] 82 more processes have sent help message help-mpi-common-cuda.txt / cuIpcGetMemHandle failed
[aerosmith.hpc.oregonstate.edu:1534826] 80 more processes have sent help message help-mpi-common-cuda.txt / cuIpcGetMemHandle failed
[aerosmith.hpc.oregonstate.edu:1534826] [[42515,0],0] ORTE_ERROR_LOG: Data unpack would read past end of buffer in file util/show_help.c at line 513
[aerosmith.hpc.oregonstate.edu:1534826] 93 more processes have sent help message help-mpi-common-cuda.txt / cuIpcGetMemHandle failed
[aerosmith.hpc.oregonstate.edu:1534826] 82 more processes have sent help message help-mpi-common-cuda.txt / cuIpcGetMemHandle failed
[aerosmith.hpc.oregonstate.edu:1534826] 80 more processes have sent help message help-mpi-common-cuda.txt / cuIpcGetMemHandle failed
[aerosmith.hpc.oregonstate.edu:1534826] 94 more processes have sent help message help-mpi-common-cuda.txt / cuIpcGetMemHandle failed
[aerosmith.hpc.oregonstate.edu:1534826] 82 more processes have sent help message help-mpi-common-cuda.txt / cuIpcGetMemHandle failed
[aerosmith.hpc.oregonstate.edu:1534826] 80 more processes have sent help message help-mpi-common-cuda.txt / cuIpcGetMemHandle failed
[aerosmith.hpc.oregonstate.edu:1534826] 94 more processes have sent help message help-mpi-common-cuda.txt / cuIpcGetMemHandle failed
[aerosmith.hpc.oregonstate.edu:1534826] [[42515,0],0] ORTE_ERROR_LOG: Data unpack would read past end of buffer in file util/show_help.c at line 513
[aerosmith.hpc.oregonstate.edu:1534826] 81 more processes have sent help message help-mpi-common-cuda.txt / cuIpcGetMemHandle failed
[aerosmith.hpc.oregonstate.edu:1534826] 80 more processes have sent help message help-mpi-common-cuda.txt / cuIpcGetMemHandle failed
[aerosmith.hpc.oregonstate.edu:1534826] 94 more processes have sent help message help-mpi-common-cuda.txt / cuIpcGetMemHandle failed
[aerosmith.hpc.oregonstate.edu:1534826] 82 more processes have sent help message help-mpi-common-cuda.txt / cuIpcGetMemHandle failed
[aerosmith.hpc.oregonstate.edu:1534826] 78 more processes have sent help message help-mpi-common-cuda.txt / cuIpcGetMemHandle failed
[aerosmith.hpc.oregonstate.edu:1534826] 82 more processes have sent help message help-mpi-common-cuda.txt / cuIpcGetMemHandle failed
[aerosmith.hpc.oregonstate.edu:1534826] 80 more processes have sent help message help-mpi-common-cuda.txt / cuIpcGetMemHandle failed
[aerosmith.hpc.oregonstate.edu:1534826] 94 more processes have sent help message help-mpi-common-cuda.txt / cuIpcGetMemHandle failed
[aerosmith.hpc.oregonstate.edu:1534826] 82 more processes have sent help message help-mpi-common-cuda.txt / cuIpcGetMemHandle failed
[aerosmith.hpc.oregonstate.edu:1534826] 80 more processes have sent help message help-mpi-common-cuda.txt / cuIpcGetMemHandle failed
[aerosmith.hpc.oregonstate.edu:1534826] 94 more processes have sent help message help-mpi-common-cuda.txt / cuIpcGetMemHandle failed
[aerosmith.hpc.oregonstate.edu:1534826] 82 more processes have sent help message help-mpi-common-cuda.txt / cuIpcGetMemHandle failed
[aerosmith.hpc.oregonstate.edu:1534826] 80 more processes have sent help message help-mpi-common-cuda.txt / cuIpcGetMemHandle failed
[aerosmith.hpc.oregonstate.edu:1534826] 94 more processes have sent help message help-mpi-common-cuda.txt / cuIpcGetMemHandle failed
[aerosmith.hpc.oregonstate.edu:1534826] 82 more processes have sent help message help-mpi-common-cuda.txt / cuIpcGetMemHandle failed
[aerosmith.hpc.oregonstate.edu:1534826] 80 more processes have sent help message help-mpi-common-cuda.txt / cuIpcGetMemHandle failed
[aerosmith.hpc.oregonstate.edu:1534826] 94 more processes have sent help message help-mpi-common-cuda.txt / cuIpcGetMemHandle failed
[aerosmith.hpc.oregonstate.edu:1534826] 82 more processes have sent help message help-mpi-common-cuda.txt / cuIpcGetMemHandle failed
[aerosmith.hpc.oregonstate.edu:1534826] 80 more processes have sent help message help-mpi-common-cuda.txt / cuIpcGetMemHandle failed
[aerosmith.hpc.oregonstate.edu:1534826] 94 more processes have sent help message help-mpi-common-cuda.txt / cuIpcGetMemHandle failed
[aerosmith.hpc.oregonstate.edu:1534826] 82 more processes have sent help message help-mpi-common-cuda.txt / cuIpcGetMemHandle failed
[aerosmith.hpc.oregonstate.edu:1534826] [[42515,0],0] ORTE_ERROR_LOG: Data unpack would read past end of buffer in file util/show_help.c at line 513
[aerosmith.hpc.oregonstate.edu:1534826] 77 more processes have sent help message help-mpi-common-cuda.txt / cuIpcGetMemHandle failed
[aerosmith.hpc.oregonstate.edu:1534826] 82 more processes have sent help message help-mpi-common-cuda.txt / cuIpcGetMemHandle failed
[aerosmith.hpc.oregonstate.edu:1534826] 80 more processes have sent help message help-mpi-common-cuda.txt / cuIpcGetMemHandle failed
[aerosmith.hpc.oregonstate.edu:1534826] 94 more processes have sent help message help-mpi-common-cuda.txt / cuIpcGetMemHandle failed
[aerosmith.hpc.oregonstate.edu:1534826] 82 more processes have sent help message help-mpi-common-cuda.txt / cuIpcGetMemHandle failed
[aerosmith.hpc.oregonstate.edu:1534826] [[42515,0],0] ORTE_ERROR_LOG: Data unpack would read past end of buffer in file util/show_help.c at line 513
[aerosmith.hpc.oregonstate.edu:1534826] 79 more processes have sent help message help-mpi-common-cuda.txt / cuIpcGetMemHandle failed
[aerosmith.hpc.oregonstate.edu:1534826] 94 more processes have sent help message help-mpi-common-cuda.txt / cuIpcGetMemHandle failed
[aerosmith.hpc.oregonstate.edu:1534826] 82 more processes have sent help message help-mpi-common-cuda.txt / cuIpcGetMemHandle failed
[aerosmith.hpc.oregonstate.edu:1534826] 80 more processes have sent help message help-mpi-common-cuda.txt / cuIpcGetMemHandle failed
[aerosmith.hpc.oregonstate.edu:1534826] 94 more processes have sent help message help-mpi-common-cuda.txt / cuIpcGetMemHandle failed
[aerosmith.hpc.oregonstate.edu:1534826] 82 more processes have sent help message help-mpi-common-cuda.txt / cuIpcGetMemHandle failed
[aerosmith.hpc.oregonstate.edu:1534826] 78 more processes have sent help message help-mpi-common-cuda.txt / cuIpcGetMemHandle failed
[aerosmith.hpc.oregonstate.edu:1534826] 82 more processes have sent help message help-mpi-common-cuda.txt / cuIpcGetMemHandle failed
[aerosmith.hpc.oregonstate.edu:1534826] 80 more processes have sent help message help-mpi-common-cuda.txt / cuIpcGetMemHandle failed
[aerosmith.hpc.oregonstate.edu:1534826] 94 more processes have sent help message help-mpi-common-cuda.txt / cuIpcGetMemHandle failed
[aerosmith.hpc.oregonstate.edu:1534826] 82 more processes have sent help message help-mpi-common-cuda.txt / cuIpcGetMemHandle failed
[aerosmith.hpc.oregonstate.edu:1534826] 80 more processes have sent help message help-mpi-common-cuda.txt / cuIpcGetMemHandle failed
[aerosmith.hpc.oregonstate.edu:1534826] 94 more processes have sent help message help-mpi-common-cuda.txt / cuIpcGetMemHandle failed
[aerosmith.hpc.oregonstate.edu:1534826] 82 more processes have sent help message help-mpi-common-cuda.txt / cuIpcGetMemHandle failed
[aerosmith.hpc.oregonstate.edu:1534826] [[42515,0],0] ORTE_ERROR_LOG: Data unpack would read past end of buffer in file util/show_help.c at line 513
[aerosmith.hpc.oregonstate.edu:1534826] 79 more processes have sent help message help-mpi-common-cuda.txt / cuIpcGetMemHandle failed
[aerosmith.hpc.oregonstate.edu:1534826] 94 more processes have sent help message help-mpi-common-cuda.txt / cuIpcGetMemHandle failed
[aerosmith.hpc.oregonstate.edu:1534826] 82 more processes have sent help message help-mpi-common-cuda.txt / cuIpcGetMemHandle failed
[aerosmith.hpc.oregonstate.edu:1534826] 80 more processes have sent help message help-mpi-common-cuda.txt / cuIpcGetMemHandle failed
[aerosmith.hpc.oregonstate.edu:1534826] 94 more processes have sent help message help-mpi-common-cuda.txt / cuIpcGetMemHandle failed
[aerosmith.hpc.oregonstate.edu:1534826] 82 more processes have sent help message help-mpi-common-cuda.txt / cuIpcGetMemHandle failed
[aerosmith.hpc.oregonstate.edu:1534826] 80 more processes have sent help message help-mpi-common-cuda.txt / cuIpcGetMemHandle failed
[aerosmith.hpc.oregonstate.edu:1534826] 94 more processes have sent help message help-mpi-common-cuda.txt / cuIpcGetMemHandle failed
[aerosmith.hpc.oregonstate.edu:1534826] 82 more processes have sent help message help-mpi-common-cuda.txt / cuIpcGetMemHandle failed
[aerosmith.hpc.oregonstate.edu:1534826] 80 more processes have sent help message help-mpi-common-cuda.txt / cuIpcGetMemHandle failed
[aerosmith.hpc.oregonstate.edu:1534826] 94 more processes have sent help message help-mpi-common-cuda.txt / cuIpcGetMemHandle failed
[aerosmith.hpc.oregonstate.edu:1534826] 82 more processes have sent help message help-mpi-common-cuda.txt / cuIpcGetMemHandle failed
[aerosmith.hpc.oregonstate.edu:1534826] 80 more processes have sent help message help-mpi-common-cuda.txt / cuIpcGetMemHandle failed
[aerosmith.hpc.oregonstate.edu:1534826] [[42515,0],0] ORTE_ERROR_LOG: Data unpack would read past end of buffer in file util/show_help.c at line 513
[aerosmith.hpc.oregonstate.edu:1534826] 93 more processes have sent help message help-mpi-common-cuda.txt / cuIpcGetMemHandle failed
[aerosmith.hpc.oregonstate.edu:1534826] 82 more processes have sent help message help-mpi-common-cuda.txt / cuIpcGetMemHandle failed
[aerosmith.hpc.oregonstate.edu:1534826] 80 more processes have sent help message help-mpi-common-cuda.txt / cuIpcGetMemHandle failed
[aerosmith.hpc.oregonstate.edu:1534826] 94 more processes have sent help message help-mpi-common-cuda.txt / cuIpcGetMemHandle failed
[aerosmith.hpc.oregonstate.edu:1534826] 82 more processes have sent help message help-mpi-common-cuda.txt / cuIpcGetMemHandle failed
[aerosmith.hpc.oregonstate.edu:1534826] 80 more processes have sent help message help-mpi-common-cuda.txt / cuIpcGetMemHandle failed
[aerosmith.hpc.oregonstate.edu:1534826] 94 more processes have sent help message help-mpi-common-cuda.txt / cuIpcGetMemHandle failed
[aerosmith.hpc.oregonstate.edu:1534826] 82 more processes have sent help message help-mpi-common-cuda.txt / cuIpcGetMemHandle failed
[aerosmith.hpc.oregonstate.edu:1534826] 80 more processes have sent help message help-mpi-common-cuda.txt / cuIpcGetMemHandle failed
[aerosmith.hpc.oregonstate.edu:1534826] 94 more processes have sent help message help-mpi-common-cuda.txt / cuIpcGetMemHandle failed
[aerosmith.hpc.oregonstate.edu:1534826] 82 more processes have sent help message help-mpi-common-cuda.txt / cuIpcGetMemHandle failed
[aerosmith.hpc.oregonstate.edu:1534826] 80 more processes have sent help message help-mpi-common-cuda.txt / cuIpcGetMemHandle failed
[aerosmith.hpc.oregonstate.edu:1534826] 94 more processes have sent help message help-mpi-common-cuda.txt / cuIpcGetMemHandle failed
[aerosmith.hpc.oregonstate.edu:1534826] 82 more processes have sent help message help-mpi-common-cuda.txt / cuIpcGetMemHandle failed
[aerosmith.hpc.oregonstate.edu:1534826] 80 more processes have sent help message help-mpi-common-cuda.txt / cuIpcGetMemHandle failed
[aerosmith.hpc.oregonstate.edu:1534826] 94 more processes have sent help message help-mpi-common-cuda.txt / cuIpcGetMemHandle failed
[aerosmith.hpc.oregonstate.edu:1534826] 82 more processes have sent help message help-mpi-common-cuda.txt / cuIpcGetMemHandle failed
[aerosmith.hpc.oregonstate.edu:1534826] 80 more processes have sent help message help-mpi-common-cuda.txt / cuIpcGetMemHandle failed
[aerosmith.hpc.oregonstate.edu:1534826] 94 more processes have sent help message help-mpi-common-cuda.txt / cuIpcGetMemHandle failed
[aerosmith.hpc.oregonstate.edu:1534826] 82 more processes have sent help message help-mpi-common-cuda.txt / cuIpcGetMemHandle failed
[aerosmith.hpc.oregonstate.edu:1534826] [[42515,0],0] ORTE_ERROR_LOG: Data unpack would read past end of buffer in file util/show_help.c at line 513
[aerosmith.hpc.oregonstate.edu:1534826] 79 more processes have sent help message help-mpi-common-cuda.txt / cuIpcGetMemHandle failed
[aerosmith.hpc.oregonstate.edu:1534826] 94 more processes have sent help message help-mpi-common-cuda.txt / cuIpcGetMemHandle failed
[aerosmith.hpc.oregonstate.edu:1534826] 82 more processes have sent help message help-mpi-common-cuda.txt / cuIpcGetMemHandle failed
[aerosmith.hpc.oregonstate.edu:1534826] 80 more processes have sent help message help-mpi-common-cuda.txt / cuIpcGetMemHandle failed
[aerosmith.hpc.oregonstate.edu:1534826] 94 more processes have sent help message help-mpi-common-cuda.txt / cuIpcGetMemHandle failed
[aerosmith.hpc.oregonstate.edu:1534826] 82 more processes have sent help message help-mpi-common-cuda.txt / cuIpcGetMemHandle failed
[aerosmith.hpc.oregonstate.edu:1534826] 80 more processes have sent help message help-mpi-common-cuda.txt / cuIpcGetMemHandle failed
[ Info: Simulation is stopping after running for 10.316 minutes.
[ Info: Model iteration 100 equals or exceeds stop iteration 100.
[ Info: Simulation is stopping after running for 10.315 minutes.
[ Info: Model iteration 100 equals or exceeds stop iteration 100.
[aerosmith.hpc.oregonstate.edu:1534826] 48 more processes have sent help message help-mpi-common-cuda.txt / cuIpcGetMemHandle failed
