[ Info: MPI has not been initialized, so we are calling MPI.Init().
[ Info: MPI has not been initialized, so we are calling MPI.Init().
[ Info: MPI has not been initialized, so we are calling MPI.Init().
[ Info: MPI has not been initialized, so we are calling MPI.Init().
grid = 256×1024×512 RectilinearGrid{Float64, Oceananigans.Grids.FullyConnected, Periodic, Periodic} on Distributed{GPU{CUDA.CUDAKernels.CUDABackend}} with 3×3×3 halo
├── FullyConnected x ∈ [50.2655, 75.3982) regularly spaced with Δx=0.0981748
├── Periodic y ∈ [1.87735e-17, 100.531)   regularly spaced with Δy=0.0981748
└── Periodic z ∈ [-3.86538e-18, 50.2655)  regularly spaced with Δz=0.0981748
grid = 256×1024×512 RectilinearGrid{Float64, Oceananigans.Grids.FullyConnected, Periodic, Periodic} on Distributed{GPU{CUDA.CUDAKernels.CUDABackend}} with 3×3×3 halo
├── FullyConnected x ∈ [-7.65671e-18, 25.1327) regularly spaced with Δx=0.0981748
├── Periodic y ∈ [1.87735e-17, 100.531)        regularly spaced with Δy=0.0981748
└── Periodic z ∈ [-3.86538e-18, 50.2655)       regularly spaced with Δz=0.0981748
grid = 256×1024×512 RectilinearGrid{Float64, Oceananigans.Grids.FullyConnected, Periodic, Periodic} on Distributed{GPU{CUDA.CUDAKernels.CUDABackend}} with 3×3×3 halo
├── FullyConnected x ∈ [75.3982, 100.531) regularly spaced with Δx=0.0981748
├── Periodic y ∈ [1.87735e-17, 100.531)   regularly spaced with Δy=0.0981748
└── Periodic z ∈ [-3.86538e-18, 50.2655)  regularly spaced with Δz=0.0981748
grid = 256×1024×512 RectilinearGrid{Float64, Oceananigans.Grids.FullyConnected, Periodic, Periodic} on Distributed{GPU{CUDA.CUDAKernels.CUDABackend}} with 3×3×3 halo
├── FullyConnected x ∈ [25.1327, 50.2655) regularly spaced with Δx=0.0981748
├── Periodic y ∈ [1.87735e-17, 100.531)   regularly spaced with Δy=0.0981748
└── Periodic z ∈ [-3.86538e-18, 50.2655)  regularly spaced with Δz=0.0981748
--------------------------------------------------------------------------
The call to cuMemHostRegister(0x15011fe00008, 134217728, 0) failed.
  Host:  aerosmith
  cuMemHostRegister return value:  1
  Registration cache:  smcuda
--------------------------------------------------------------------------
[aerosmith.hpc.oregonstate.edu:1648531] 3 more processes have sent help message help-mpi-common-cuda.txt / cuMemHostRegister during init failed
[aerosmith.hpc.oregonstate.edu:1648531] Set MCA parameter "orte_base_help_aggregate" to 0 to see all help / error messages
--------------------------------------------------------------------------
The call to cuIpcGetMemHandle failed. This means the GPU RDMA protocol
cannot be used.
  cuIpcGetMemHandle return value:   1
  address: 0x6a85d6000
Check the cuda.h file for what the return value means. Perhaps a reboot
of the node will clear the problem.
--------------------------------------------------------------------------
[aerosmith.hpc.oregonstate.edu:1648531] [[60132,0],0] ORTE_ERROR_LOG: Data unpack would read past end of buffer in file util/show_help.c at line 513
[aerosmith.hpc.oregonstate.edu:1648531] 82 more processes have sent help message help-mpi-common-cuda.txt / cuIpcGetMemHandle failed
[aerosmith.hpc.oregonstate.edu:1648531] 44 more processes have sent help message help-mpi-common-cuda.txt / cuIpcGetMemHandle failed
[ Info: Initializing simulation...
[ Info: Initializing simulation...
[ Info: Initializing simulation...
[ Info: Initializing simulation...
[aerosmith.hpc.oregonstate.edu:1648531] 24 more processes have sent help message help-mpi-common-cuda.txt / cuIpcGetMemHandle failed
Iteration: 0000, time: 0 seconds, Δt: 10 ms, max(|w|) = 2.0e+00 ms⁻¹, wall time: 0 seconds
Iteration: 0000, time: 0 seconds, Δt: 10 ms, max(|w|) = 2.0e+00 ms⁻¹, wall time: 0 seconds
Iteration: 0000, time: 0 seconds, Δt: 10 ms, max(|w|) = 2.0e+00 ms⁻¹, wall time: 0 seconds
Iteration: 0000, time: 0 seconds, Δt: 10 ms, max(|w|) = 2.0e+00 ms⁻¹, wall time: 0 seconds
[ Info:     ... simulation initialization complete (1.058 minutes)
[ Info: Executing initial time step...
[ Info:     ... simulation initialization complete (1.064 minutes)
[ Info: Executing initial time step...
[ Info:     ... simulation initialization complete (1.054 minutes)
[ Info: Executing initial time step...
[aerosmith.hpc.oregonstate.edu:1648531] 1 more process has sent help message help-mpi-common-cuda.txt / cuIpcGetMemHandle failed
[aerosmith.hpc.oregonstate.edu:1648531] 19 more processes have sent help message help-mpi-common-cuda.txt / cuIpcGetMemHandle failed
[ Info:     ... simulation initialization complete (1.254 minutes)
[ Info: Executing initial time step...
[aerosmith.hpc.oregonstate.edu:1648531] 1 more process has sent help message help-mpi-common-cuda.txt / cuIpcGetMemHandle failed
[aerosmith.hpc.oregonstate.edu:1648531] [[60132,0],0] ORTE_ERROR_LOG: Data unpack had inadequate space in file util/show_help.c at line 507
[aerosmith.hpc.oregonstate.edu:1648531] 186 more processes have sent help message help-mpi-common-cuda.txt / cuIpcGetMemHandle failed
[ Info:     ... initial time step complete (20.011 seconds).
[ Info:     ... initial time step complete (20.020 seconds).
[ Info:     ... initial time step complete (8.806 seconds).
[ Info:     ... initial time step complete (20.008 seconds).
[aerosmith.hpc.oregonstate.edu:1648531] 240 more processes have sent help message help-mpi-common-cuda.txt / cuIpcGetMemHandle failed
[aerosmith.hpc.oregonstate.edu:1648531] 252 more processes have sent help message help-mpi-common-cuda.txt / cuIpcGetMemHandle failed
[aerosmith.hpc.oregonstate.edu:1648531] [[60132,0],0] ORTE_ERROR_LOG: Data unpack would read past end of buffer in file util/show_help.c at line 513
[aerosmith.hpc.oregonstate.edu:1648531] 251 more processes have sent help message help-mpi-common-cuda.txt / cuIpcGetMemHandle failed
[aerosmith.hpc.oregonstate.edu:1648531] [[60132,0],0] ORTE_ERROR_LOG: Data unpack would read past end of buffer in file util/show_help.c at line 513
[aerosmith.hpc.oregonstate.edu:1648531] 307 more processes have sent help message help-mpi-common-cuda.txt / cuIpcGetMemHandle failed
[aerosmith.hpc.oregonstate.edu:1648531] [[60132,0],0] ORTE_ERROR_LOG: Data unpack would read past end of buffer in file util/show_help.c at line 513
[aerosmith.hpc.oregonstate.edu:1648531] [[60132,0],0] ORTE_ERROR_LOG: Data unpack would read past end of buffer in file util/show_help.c at line 513
[aerosmith.hpc.oregonstate.edu:1648531] 250 more processes have sent help message help-mpi-common-cuda.txt / cuIpcGetMemHandle failed
[aerosmith.hpc.oregonstate.edu:1648531] 308 more processes have sent help message help-mpi-common-cuda.txt / cuIpcGetMemHandle failed
[aerosmith.hpc.oregonstate.edu:1648531] 252 more processes have sent help message help-mpi-common-cuda.txt / cuIpcGetMemHandle failed
[aerosmith.hpc.oregonstate.edu:1648531] 308 more processes have sent help message help-mpi-common-cuda.txt / cuIpcGetMemHandle failed
[aerosmith.hpc.oregonstate.edu:1648531] 252 more processes have sent help message help-mpi-common-cuda.txt / cuIpcGetMemHandle failed
[aerosmith.hpc.oregonstate.edu:1648531] 308 more processes have sent help message help-mpi-common-cuda.txt / cuIpcGetMemHandle failed
[aerosmith.hpc.oregonstate.edu:1648531] 252 more processes have sent help message help-mpi-common-cuda.txt / cuIpcGetMemHandle failed
[aerosmith.hpc.oregonstate.edu:1648531] 308 more processes have sent help message help-mpi-common-cuda.txt / cuIpcGetMemHandle failed
[aerosmith.hpc.oregonstate.edu:1648531] 252 more processes have sent help message help-mpi-common-cuda.txt / cuIpcGetMemHandle failed
[aerosmith.hpc.oregonstate.edu:1648531] 308 more processes have sent help message help-mpi-common-cuda.txt / cuIpcGetMemHandle failed
[aerosmith.hpc.oregonstate.edu:1648531] 252 more processes have sent help message help-mpi-common-cuda.txt / cuIpcGetMemHandle failed
[aerosmith.hpc.oregonstate.edu:1648531] 308 more processes have sent help message help-mpi-common-cuda.txt / cuIpcGetMemHandle failed
Iteration: 0020, time: 200.000 ms, Δt: 10 ms, max(|w|) = 1.2e+00 ms⁻¹, wall time: 2.738 minutes
Iteration: 0020, time: 200.000 ms, Δt: 10 ms, max(|w|) = 1.2e+00 ms⁻¹, wall time: 2.729 minutes
Iteration: 0020, time: 200.000 ms, Δt: 10 ms, max(|w|) = 1.1e+00 ms⁻¹, wall time: 2.735 minutes
Iteration: 0020, time: 200.000 ms, Δt: 10 ms, max(|w|) = 1.2e+00 ms⁻¹, wall time: 2.724 minutes
[aerosmith.hpc.oregonstate.edu:1648531] 252 more processes have sent help message help-mpi-common-cuda.txt / cuIpcGetMemHandle failed
[aerosmith.hpc.oregonstate.edu:1648531] 308 more processes have sent help message help-mpi-common-cuda.txt / cuIpcGetMemHandle failed
[aerosmith.hpc.oregonstate.edu:1648531] 252 more processes have sent help message help-mpi-common-cuda.txt / cuIpcGetMemHandle failed
[aerosmith.hpc.oregonstate.edu:1648531] 308 more processes have sent help message help-mpi-common-cuda.txt / cuIpcGetMemHandle failed
[aerosmith.hpc.oregonstate.edu:1648531] 252 more processes have sent help message help-mpi-common-cuda.txt / cuIpcGetMemHandle failed
[aerosmith.hpc.oregonstate.edu:1648531] 308 more processes have sent help message help-mpi-common-cuda.txt / cuIpcGetMemHandle failed
[aerosmith.hpc.oregonstate.edu:1648531] 252 more processes have sent help message help-mpi-common-cuda.txt / cuIpcGetMemHandle failed
[aerosmith.hpc.oregonstate.edu:1648531] 308 more processes have sent help message help-mpi-common-cuda.txt / cuIpcGetMemHandle failed
[aerosmith.hpc.oregonstate.edu:1648531] [[60132,0],0] ORTE_ERROR_LOG: Data unpack would read past end of buffer in file util/show_help.c at line 513
[aerosmith.hpc.oregonstate.edu:1648531] 251 more processes have sent help message help-mpi-common-cuda.txt / cuIpcGetMemHandle failed
[aerosmith.hpc.oregonstate.edu:1648531] 308 more processes have sent help message help-mpi-common-cuda.txt / cuIpcGetMemHandle failed
[aerosmith.hpc.oregonstate.edu:1648531] 252 more processes have sent help message help-mpi-common-cuda.txt / cuIpcGetMemHandle failed
[aerosmith.hpc.oregonstate.edu:1648531] 308 more processes have sent help message help-mpi-common-cuda.txt / cuIpcGetMemHandle failed
[aerosmith.hpc.oregonstate.edu:1648531] 252 more processes have sent help message help-mpi-common-cuda.txt / cuIpcGetMemHandle failed
[aerosmith.hpc.oregonstate.edu:1648531] 308 more processes have sent help message help-mpi-common-cuda.txt / cuIpcGetMemHandle failed
[aerosmith.hpc.oregonstate.edu:1648531] 256 more processes have sent help message help-mpi-common-cuda.txt / cuIpcGetMemHandle failed
[aerosmith.hpc.oregonstate.edu:1648531] 304 more processes have sent help message help-mpi-common-cuda.txt / cuIpcGetMemHandle failed
[aerosmith.hpc.oregonstate.edu:1648531] 260 more processes have sent help message help-mpi-common-cuda.txt / cuIpcGetMemHandle failed
Iteration: 0040, time: 400.000 ms, Δt: 10 ms, max(|w|) = 9.2e-01 ms⁻¹, wall time: 4.210 minutes
Iteration: 0040, time: 400.000 ms, Δt: 10 ms, max(|w|) = 1.0e+00 ms⁻¹, wall time: 4.200 minutes
Iteration: 0040, time: 400.000 ms, Δt: 10 ms, max(|w|) = 9.1e-01 ms⁻¹, wall time: 4.206 minutes
Iteration: 0040, time: 400.000 ms, Δt: 10 ms, max(|w|) = 9.7e-01 ms⁻¹, wall time: 4.196 minutes
[aerosmith.hpc.oregonstate.edu:1648531] 300 more processes have sent help message help-mpi-common-cuda.txt / cuIpcGetMemHandle failed
[aerosmith.hpc.oregonstate.edu:1648531] 252 more processes have sent help message help-mpi-common-cuda.txt / cuIpcGetMemHandle failed
[aerosmith.hpc.oregonstate.edu:1648531] 308 more processes have sent help message help-mpi-common-cuda.txt / cuIpcGetMemHandle failed
[aerosmith.hpc.oregonstate.edu:1648531] 252 more processes have sent help message help-mpi-common-cuda.txt / cuIpcGetMemHandle failed
[aerosmith.hpc.oregonstate.edu:1648531] 308 more processes have sent help message help-mpi-common-cuda.txt / cuIpcGetMemHandle failed
[aerosmith.hpc.oregonstate.edu:1648531] 252 more processes have sent help message help-mpi-common-cuda.txt / cuIpcGetMemHandle failed
[aerosmith.hpc.oregonstate.edu:1648531] 308 more processes have sent help message help-mpi-common-cuda.txt / cuIpcGetMemHandle failed
[aerosmith.hpc.oregonstate.edu:1648531] 252 more processes have sent help message help-mpi-common-cuda.txt / cuIpcGetMemHandle failed
[aerosmith.hpc.oregonstate.edu:1648531] [[60132,0],0] ORTE_ERROR_LOG: Data unpack would read past end of buffer in file util/show_help.c at line 513
[aerosmith.hpc.oregonstate.edu:1648531] 307 more processes have sent help message help-mpi-common-cuda.txt / cuIpcGetMemHandle failed
[aerosmith.hpc.oregonstate.edu:1648531] 124 more processes have sent help message help-mpi-common-cuda.txt / cuIpcGetMemHandle failed
[aerosmith.hpc.oregonstate.edu:1648531] 1 more process has sent help message help-mpi-common-cuda.txt / cuIpcGetMemHandle failed
[aerosmith.hpc.oregonstate.edu:1648531] 7 more processes have sent help message help-mpi-common-cuda.txt / cuIpcGetMemHandle failed
[aerosmith.hpc.oregonstate.edu:1648531] 268 more processes have sent help message help-mpi-common-cuda.txt / cuIpcGetMemHandle failed
[aerosmith.hpc.oregonstate.edu:1648531] 252 more processes have sent help message help-mpi-common-cuda.txt / cuIpcGetMemHandle failed
[aerosmith.hpc.oregonstate.edu:1648531] 308 more processes have sent help message help-mpi-common-cuda.txt / cuIpcGetMemHandle failed
[aerosmith.hpc.oregonstate.edu:1648531] 252 more processes have sent help message help-mpi-common-cuda.txt / cuIpcGetMemHandle failed
[aerosmith.hpc.oregonstate.edu:1648531] 308 more processes have sent help message help-mpi-common-cuda.txt / cuIpcGetMemHandle failed
[aerosmith.hpc.oregonstate.edu:1648531] 252 more processes have sent help message help-mpi-common-cuda.txt / cuIpcGetMemHandle failed
[aerosmith.hpc.oregonstate.edu:1648531] 308 more processes have sent help message help-mpi-common-cuda.txt / cuIpcGetMemHandle failed
[aerosmith.hpc.oregonstate.edu:1648531] 252 more processes have sent help message help-mpi-common-cuda.txt / cuIpcGetMemHandle failed
Iteration: 0060, time: 600.000 ms, Δt: 10 ms, max(|w|) = 8.2e-01 ms⁻¹, wall time: 6.670 minutes
Iteration: 0060, time: 600.000 ms, Δt: 10 ms, max(|w|) = 7.8e-01 ms⁻¹, wall time: 6.667 minutes
Iteration: 0060, time: 600.000 ms, Δt: 10 ms, max(|w|) = 8.5e-01 ms⁻¹, wall time: 6.660 minutes
Iteration: 0060, time: 600.000 ms, Δt: 10 ms, max(|w|) = 7.6e-01 ms⁻¹, wall time: 6.656 minutes
[aerosmith.hpc.oregonstate.edu:1648531] 308 more processes have sent help message help-mpi-common-cuda.txt / cuIpcGetMemHandle failed
[aerosmith.hpc.oregonstate.edu:1648531] 252 more processes have sent help message help-mpi-common-cuda.txt / cuIpcGetMemHandle failed
[aerosmith.hpc.oregonstate.edu:1648531] 308 more processes have sent help message help-mpi-common-cuda.txt / cuIpcGetMemHandle failed
[aerosmith.hpc.oregonstate.edu:1648531] 252 more processes have sent help message help-mpi-common-cuda.txt / cuIpcGetMemHandle failed
[aerosmith.hpc.oregonstate.edu:1648531] 308 more processes have sent help message help-mpi-common-cuda.txt / cuIpcGetMemHandle failed
[aerosmith.hpc.oregonstate.edu:1648531] [[60132,0],0] ORTE_ERROR_LOG: Data unpack would read past end of buffer in file util/show_help.c at line 513
[aerosmith.hpc.oregonstate.edu:1648531] 251 more processes have sent help message help-mpi-common-cuda.txt / cuIpcGetMemHandle failed
[aerosmith.hpc.oregonstate.edu:1648531] 308 more processes have sent help message help-mpi-common-cuda.txt / cuIpcGetMemHandle failed
[aerosmith.hpc.oregonstate.edu:1648531] 252 more processes have sent help message help-mpi-common-cuda.txt / cuIpcGetMemHandle failed
[aerosmith.hpc.oregonstate.edu:1648531] [[60132,0],0] ORTE_ERROR_LOG: Data unpack would read past end of buffer in file util/show_help.c at line 513
[aerosmith.hpc.oregonstate.edu:1648531] 307 more processes have sent help message help-mpi-common-cuda.txt / cuIpcGetMemHandle failed
[aerosmith.hpc.oregonstate.edu:1648531] 252 more processes have sent help message help-mpi-common-cuda.txt / cuIpcGetMemHandle failed
[aerosmith.hpc.oregonstate.edu:1648531] [[60132,0],0] ORTE_ERROR_LOG: Data unpack would read past end of buffer in file util/show_help.c at line 513
[aerosmith.hpc.oregonstate.edu:1648531] 307 more processes have sent help message help-mpi-common-cuda.txt / cuIpcGetMemHandle failed
[aerosmith.hpc.oregonstate.edu:1648531] [[60132,0],0] ORTE_ERROR_LOG: Data unpack would read past end of buffer in file util/show_help.c at line 513
[aerosmith.hpc.oregonstate.edu:1648531] 251 more processes have sent help message help-mpi-common-cuda.txt / cuIpcGetMemHandle failed
[aerosmith.hpc.oregonstate.edu:1648531] 308 more processes have sent help message help-mpi-common-cuda.txt / cuIpcGetMemHandle failed
[aerosmith.hpc.oregonstate.edu:1648531] 252 more processes have sent help message help-mpi-common-cuda.txt / cuIpcGetMemHandle failed
[aerosmith.hpc.oregonstate.edu:1648531] [[60132,0],0] ORTE_ERROR_LOG: Data unpack would read past end of buffer in file util/show_help.c at line 513
[aerosmith.hpc.oregonstate.edu:1648531] 307 more processes have sent help message help-mpi-common-cuda.txt / cuIpcGetMemHandle failed
[aerosmith.hpc.oregonstate.edu:1648531] 252 more processes have sent help message help-mpi-common-cuda.txt / cuIpcGetMemHandle failed
[aerosmith.hpc.oregonstate.edu:1648531] [[60132,0],0] ORTE_ERROR_LOG: Data unpack would read past end of buffer in file util/show_help.c at line 513
[aerosmith.hpc.oregonstate.edu:1648531] 307 more processes have sent help message help-mpi-common-cuda.txt / cuIpcGetMemHandle failed
[aerosmith.hpc.oregonstate.edu:1648531] [[60132,0],0] ORTE_ERROR_LOG: Data unpack would read past end of buffer in file util/show_help.c at line 513
Iteration: 0080, time: 800.000 ms, Δt: 10 ms, max(|w|) = 7.0e-01 ms⁻¹, wall time: 8.153 minutes
Iteration: 0080, time: 800.000 ms, Δt: 10 ms, max(|w|) = 6.9e-01 ms⁻¹, wall time: 8.143 minutes
Iteration: 0080, time: 800.000 ms, Δt: 10 ms, max(|w|) = 6.8e-01 ms⁻¹, wall time: 8.149 minutes
Iteration: 0080, time: 800.000 ms, Δt: 10 ms, max(|w|) = 7.0e-01 ms⁻¹, wall time: 8.139 minutes
[aerosmith.hpc.oregonstate.edu:1648531] 251 more processes have sent help message help-mpi-common-cuda.txt / cuIpcGetMemHandle failed
[aerosmith.hpc.oregonstate.edu:1648531] 308 more processes have sent help message help-mpi-common-cuda.txt / cuIpcGetMemHandle failed
[aerosmith.hpc.oregonstate.edu:1648531] 260 more processes have sent help message help-mpi-common-cuda.txt / cuIpcGetMemHandle failed
[aerosmith.hpc.oregonstate.edu:1648531] 300 more processes have sent help message help-mpi-common-cuda.txt / cuIpcGetMemHandle failed
[aerosmith.hpc.oregonstate.edu:1648531] [[60132,0],0] ORTE_ERROR_LOG: Data unpack would read past end of buffer in file util/show_help.c at line 513
[aerosmith.hpc.oregonstate.edu:1648531] 255 more processes have sent help message help-mpi-common-cuda.txt / cuIpcGetMemHandle failed
[aerosmith.hpc.oregonstate.edu:1648531] 304 more processes have sent help message help-mpi-common-cuda.txt / cuIpcGetMemHandle failed
[aerosmith.hpc.oregonstate.edu:1648531] 252 more processes have sent help message help-mpi-common-cuda.txt / cuIpcGetMemHandle failed
[aerosmith.hpc.oregonstate.edu:1648531] 308 more processes have sent help message help-mpi-common-cuda.txt / cuIpcGetMemHandle failed
[aerosmith.hpc.oregonstate.edu:1648531] 252 more processes have sent help message help-mpi-common-cuda.txt / cuIpcGetMemHandle failed
[aerosmith.hpc.oregonstate.edu:1648531] [[60132,0],0] ORTE_ERROR_LOG: Data unpack would read past end of buffer in file util/show_help.c at line 513
[aerosmith.hpc.oregonstate.edu:1648531] 307 more processes have sent help message help-mpi-common-cuda.txt / cuIpcGetMemHandle failed
[aerosmith.hpc.oregonstate.edu:1648531] 256 more processes have sent help message help-mpi-common-cuda.txt / cuIpcGetMemHandle failed
[aerosmith.hpc.oregonstate.edu:1648531] 304 more processes have sent help message help-mpi-common-cuda.txt / cuIpcGetMemHandle failed
[aerosmith.hpc.oregonstate.edu:1648531] 252 more processes have sent help message help-mpi-common-cuda.txt / cuIpcGetMemHandle failed
[aerosmith.hpc.oregonstate.edu:1648531] 308 more processes have sent help message help-mpi-common-cuda.txt / cuIpcGetMemHandle failed
[aerosmith.hpc.oregonstate.edu:1648531] 252 more processes have sent help message help-mpi-common-cuda.txt / cuIpcGetMemHandle failed
[aerosmith.hpc.oregonstate.edu:1648531] 308 more processes have sent help message help-mpi-common-cuda.txt / cuIpcGetMemHandle failed
[aerosmith.hpc.oregonstate.edu:1648531] 252 more processes have sent help message help-mpi-common-cuda.txt / cuIpcGetMemHandle failed
[aerosmith.hpc.oregonstate.edu:1648531] [[60132,0],0] ORTE_ERROR_LOG: Data unpack would read past end of buffer in file util/show_help.c at line 513
[ Info: Simulation is stopping after running for 9.614 minutes.
[ Info: Model iteration 100 equals or exceeds stop iteration 100.
[ Info: Simulation is stopping after running for 9.610 minutes.
[ Info: Simulation is stopping after running for 9.604 minutes.
[ Info: Model iteration 100 equals or exceeds stop iteration 100.
[ Info: Model iteration 100 equals or exceeds stop iteration 100.
[ Info: Simulation is stopping after running for 9.600 minutes.
[ Info: Model iteration 100 equals or exceeds stop iteration 100.
Iteration: 0100, time: 1000.000 ms, Δt: 10 ms, max(|w|) = 6.3e-01 ms⁻¹, wall time: 9.614 minutes
Iteration: 0100, time: 1000.000 ms, Δt: 10 ms, max(|w|) = 6.2e-01 ms⁻¹, wall time: 9.604 minutes
Iteration: 0100, time: 1000.000 ms, Δt: 10 ms, max(|w|) = 6.2e-01 ms⁻¹, wall time: 9.600 minutes
Iteration: 0100, time: 1000.000 ms, Δt: 10 ms, max(|w|) = 6.1e-01 ms⁻¹, wall time: 9.610 minutes
[aerosmith.hpc.oregonstate.edu:1648531] 271 more processes have sent help message help-mpi-common-cuda.txt / cuIpcGetMemHandle failed
